The system is: Linux - 5.14.0-427.31.1.el9_4.x86_64 - x86_64
Compiling the C compiler identification source file "CMakeCCompilerId.c" succeeded.
Compiler: /cvmfs/larsoft.opensciencegrid.org/products/gcc/v6_4_0/Linux64bit+3.10-2.17/bin/gcc 
Build flags: 
Id flags:  

The output was:
0


Compilation of the C compiler identification source "CMakeCCompilerId.c" produced "a.out"

The C compiler identification is GNU, found in "/exp/dune/app/users/gyang/lblpwgtools/CAFAna/scripts/CMakeFiles/3.12.2/CompilerIdC/a.out"

Compiling the CXX compiler identification source file "CMakeCXXCompilerId.cpp" succeeded.
Compiler: /cvmfs/larsoft.opensciencegrid.org/products/gcc/v6_4_0/Linux64bit+3.10-2.17/bin/g++ 
Build flags: 
Id flags:  

The output was:
0


Compilation of the CXX compiler identification source "CMakeCXXCompilerId.cpp" produced "a.out"

The CXX compiler identification is GNU, found in "/exp/dune/app/users/gyang/lblpwgtools/CAFAna/scripts/CMakeFiles/3.12.2/CompilerIdCXX/a.out"

Determining if the C compiler works passed with the following output:
Change Dir: /exp/dune/app/users/gyang/lblpwgtools/CAFAna/scripts/CMakeFiles/CMakeTmp

Run Build Command:"/usr/bin/gmake" "cmTC_78278/fast"
/usr/bin/gmake -f CMakeFiles/cmTC_78278.dir/build.make CMakeFiles/cmTC_78278.dir/build
gmake[1]: Entering directory `/exp/dune/app/users/gyang/lblpwgtools/CAFAna/scripts/CMakeFiles/CMakeTmp'
Building C object CMakeFiles/cmTC_78278.dir/testCCompiler.c.o
/cvmfs/larsoft.opensciencegrid.org/products/gcc/v6_4_0/Linux64bit+3.10-2.17/bin/gcc    -o CMakeFiles/cmTC_78278.dir/testCCompiler.c.o   -c /exp/dune/app/users/gyang/lblpwgtools/CAFAna/scripts/CMakeFiles/CMakeTmp/testCCompiler.c
Linking C executable cmTC_78278
/cvmfs/dune.opensciencegrid.org/products/dune/cmake/v3_12_2/Linux64bit+3.10-2.17/bin/cmake -E cmake_link_script CMakeFiles/cmTC_78278.dir/link.txt --verbose=1
/cvmfs/larsoft.opensciencegrid.org/products/gcc/v6_4_0/Linux64bit+3.10-2.17/bin/gcc      -rdynamic CMakeFiles/cmTC_78278.dir/testCCompiler.c.o  -o cmTC_78278 
gmake[1]: Leaving directory `/exp/dune/app/users/gyang/lblpwgtools/CAFAna/scripts/CMakeFiles/CMakeTmp'


Detecting C compiler ABI info compiled with the following output:
Change Dir: /exp/dune/app/users/gyang/lblpwgtools/CAFAna/scripts/CMakeFiles/CMakeTmp

Run Build Command:"/usr/bin/gmake" "cmTC_a7fbc/fast"
/usr/bin/gmake -f CMakeFiles/cmTC_a7fbc.dir/build.make CMakeFiles/cmTC_a7fbc.dir/build
gmake[1]: Entering directory `/exp/dune/app/users/gyang/lblpwgtools/CAFAna/scripts/CMakeFiles/CMakeTmp'
Building C object CMakeFiles/cmTC_a7fbc.dir/CMakeCCompilerABI.c.o
/cvmfs/larsoft.opensciencegrid.org/products/gcc/v6_4_0/Linux64bit+3.10-2.17/bin/gcc    -o CMakeFiles/cmTC_a7fbc.dir/CMakeCCompilerABI.c.o   -c /cvmfs/dune.opensciencegrid.org/products/dune/cmake/v3_12_2/Linux64bit+3.10-2.17/share/cmake-3.12/Modules/CMakeCCompilerABI.c
Linking C executable cmTC_a7fbc
/cvmfs/dune.opensciencegrid.org/products/dune/cmake/v3_12_2/Linux64bit+3.10-2.17/bin/cmake -E cmake_link_script CMakeFiles/cmTC_a7fbc.dir/link.txt --verbose=1
/cvmfs/larsoft.opensciencegrid.org/products/gcc/v6_4_0/Linux64bit+3.10-2.17/bin/gcc     -v -rdynamic CMakeFiles/cmTC_a7fbc.dir/CMakeCCompilerABI.c.o  -o cmTC_a7fbc 
Using built-in specs.
COLLECT_GCC=/cvmfs/larsoft.opensciencegrid.org/products/gcc/v6_4_0/Linux64bit+3.10-2.17/bin/gcc
COLLECT_LTO_WRAPPER=/cvmfs/larsoft.opensciencegrid.org/products/gcc/v6_4_0/Linux64bit+3.10-2.17/bin/../libexec/gcc/x86_64-pc-linux-gnu/6.4.0/lto-wrapper
Target: x86_64-pc-linux-gnu
Configured with: ./configure --prefix=/scratch/workspace/art-build-base/v6_4_0/SLF7/build/gcc/v6_4_0/Linux64bit+3.10-2.17 --disable-libgcj --enable-threads=posix --enable-__cxa_atexit --enable-languages=c,c++,fortran,lto --with-system-zlib --enable-libstdcxx-time=rt --enable-stage1-checking=yes --enable-checking=release --enable-lto --enable-plugin
Thread model: posix
gcc version 6.4.0 (GCC) 
COMPILER_PATH=/cvmfs/larsoft.opensciencegrid.org/products/gcc/v6_4_0/Linux64bit+3.10-2.17/bin/../libexec/gcc/x86_64-pc-linux-gnu/6.4.0/:/cvmfs/larsoft.opensciencegrid.org/products/gcc/v6_4_0/Linux64bit+3.10-2.17/bin/../libexec/gcc/:/cvmfs/larsoft.opensciencegrid.org/products/gcc/v6_4_0/Linux64bit+3.10-2.17/bin/
LIBRARY_PATH=/cvmfs/larsoft.opensciencegrid.org/products/gcc/v6_4_0/Linux64bit+3.10-2.17/bin/../lib/gcc/x86_64-pc-linux-gnu/6.4.0/:/cvmfs/larsoft.opensciencegrid.org/products/gcc/v6_4_0/Linux64bit+3.10-2.17/bin/../lib/gcc/:/cvmfs/larsoft.opensciencegrid.org/products/gcc/v6_4_0/Linux64bit+3.10-2.17/bin/../lib/gcc/x86_64-pc-linux-gnu/6.4.0/../../../../lib64/:/lib/../lib64/:/usr/lib/../lib64/:/cvmfs/larsoft.opensciencegrid.org/products/gcc/v6_4_0/Linux64bit+3.10-2.17/bin/../lib/gcc/x86_64-pc-linux-gnu/6.4.0/../../../:/lib/:/usr/lib/
COLLECT_GCC_OPTIONS='-v' '-rdynamic' '-o' 'cmTC_a7fbc' '-mtune=generic' '-march=x86-64'
 /cvmfs/larsoft.opensciencegrid.org/products/gcc/v6_4_0/Linux64bit+3.10-2.17/bin/../libexec/gcc/x86_64-pc-linux-gnu/6.4.0/collect2 -plugin /cvmfs/larsoft.opensciencegrid.org/products/gcc/v6_4_0/Linux64bit+3.10-2.17/bin/../libexec/gcc/x86_64-pc-linux-gnu/6.4.0/liblto_plugin.so -plugin-opt=/cvmfs/larsoft.opensciencegrid.org/products/gcc/v6_4_0/Linux64bit+3.10-2.17/bin/../libexec/gcc/x86_64-pc-linux-gnu/6.4.0/lto-wrapper -plugin-opt=-fresolution=/tmp/ccjqD2ER.res -plugin-opt=-pass-through=-lgcc -plugin-opt=-pass-through=-lgcc_s -plugin-opt=-pass-through=-lc -plugin-opt=-pass-through=-lgcc -plugin-opt=-pass-through=-lgcc_s --eh-frame-hdr -m elf_x86_64 -export-dynamic -dynamic-linker /lib64/ld-linux-x86-64.so.2 -o cmTC_a7fbc /lib/../lib64/crt1.o /lib/../lib64/crti.o /cvmfs/larsoft.opensciencegrid.org/products/gcc/v6_4_0/Linux64bit+3.10-2.17/bin/../lib/gcc/x86_64-pc-linux-gnu/6.4.0/crtbegin.o -L/cvmfs/larsoft.opensciencegrid.org/products/gcc/v6_4_0/Linux64bit+3.10-2.17/bin/../lib/gcc/x86_64-pc-linux-gnu/6.4.0 -L/cvmfs/larsoft.opensciencegrid.org/products/gcc/v6_4_0/Linux64bit+3.10-2.17/bin/../lib/gcc -L/cvmfs/larsoft.opensciencegrid.org/products/gcc/v6_4_0/Linux64bit+3.10-2.17/bin/../lib/gcc/x86_64-pc-linux-gnu/6.4.0/../../../../lib64 -L/lib/../lib64 -L/usr/lib/../lib64 -L/cvmfs/larsoft.opensciencegrid.org/products/gcc/v6_4_0/Linux64bit+3.10-2.17/bin/../lib/gcc/x86_64-pc-linux-gnu/6.4.0/../../.. CMakeFiles/cmTC_a7fbc.dir/CMakeCCompilerABI.c.o -lgcc --as-needed -lgcc_s --no-as-needed -lc -lgcc --as-needed -lgcc_s --no-as-needed /cvmfs/larsoft.opensciencegrid.org/products/gcc/v6_4_0/Linux64bit+3.10-2.17/bin/../lib/gcc/x86_64-pc-linux-gnu/6.4.0/crtend.o /lib/../lib64/crtn.o
COLLECT_GCC_OPTIONS='-v' '-rdynamic' '-o' 'cmTC_a7fbc' '-mtune=generic' '-march=x86-64'
gmake[1]: Leaving directory `/exp/dune/app/users/gyang/lblpwgtools/CAFAna/scripts/CMakeFiles/CMakeTmp'


Parsed C implicit link information from above output:
  link line regex: [^( *|.*[/\])(ld|CMAKE_LINK_STARTFILE-NOTFOUND|([^/\]+-)?ld|collect2)[^/\]*( |$)]
  ignore line: [Change Dir: /exp/dune/app/users/gyang/lblpwgtools/CAFAna/scripts/CMakeFiles/CMakeTmp]
  ignore line: []
  ignore line: [Run Build Command:"/usr/bin/gmake" "cmTC_a7fbc/fast"]
  ignore line: [/usr/bin/gmake -f CMakeFiles/cmTC_a7fbc.dir/build.make CMakeFiles/cmTC_a7fbc.dir/build]
  ignore line: [gmake[1]: Entering directory `/exp/dune/app/users/gyang/lblpwgtools/CAFAna/scripts/CMakeFiles/CMakeTmp']
  ignore line: [Building C object CMakeFiles/cmTC_a7fbc.dir/CMakeCCompilerABI.c.o]
  ignore line: [/cvmfs/larsoft.opensciencegrid.org/products/gcc/v6_4_0/Linux64bit+3.10-2.17/bin/gcc    -o CMakeFiles/cmTC_a7fbc.dir/CMakeCCompilerABI.c.o   -c /cvmfs/dune.opensciencegrid.org/products/dune/cmake/v3_12_2/Linux64bit+3.10-2.17/share/cmake-3.12/Modules/CMakeCCompilerABI.c]
  ignore line: [Linking C executable cmTC_a7fbc]
  ignore line: [/cvmfs/dune.opensciencegrid.org/products/dune/cmake/v3_12_2/Linux64bit+3.10-2.17/bin/cmake -E cmake_link_script CMakeFiles/cmTC_a7fbc.dir/link.txt --verbose=1]
  ignore line: [/cvmfs/larsoft.opensciencegrid.org/products/gcc/v6_4_0/Linux64bit+3.10-2.17/bin/gcc     -v -rdynamic CMakeFiles/cmTC_a7fbc.dir/CMakeCCompilerABI.c.o  -o cmTC_a7fbc ]
  ignore line: [Using built-in specs.]
  ignore line: [COLLECT_GCC=/cvmfs/larsoft.opensciencegrid.org/products/gcc/v6_4_0/Linux64bit+3.10-2.17/bin/gcc]
  ignore line: [COLLECT_LTO_WRAPPER=/cvmfs/larsoft.opensciencegrid.org/products/gcc/v6_4_0/Linux64bit+3.10-2.17/bin/../libexec/gcc/x86_64-pc-linux-gnu/6.4.0/lto-wrapper]
  ignore line: [Target: x86_64-pc-linux-gnu]
  ignore line: [Configured with: ./configure --prefix=/scratch/workspace/art-build-base/v6_4_0/SLF7/build/gcc/v6_4_0/Linux64bit+3.10-2.17 --disable-libgcj --enable-threads=posix --enable-__cxa_atexit --enable-languages=c,c++,fortran,lto --with-system-zlib --enable-libstdcxx-time=rt --enable-stage1-checking=yes --enable-checking=release --enable-lto --enable-plugin]
  ignore line: [Thread model: posix]
  ignore line: [gcc version 6.4.0 (GCC) ]
  ignore line: [COMPILER_PATH=/cvmfs/larsoft.opensciencegrid.org/products/gcc/v6_4_0/Linux64bit+3.10-2.17/bin/../libexec/gcc/x86_64-pc-linux-gnu/6.4.0/:/cvmfs/larsoft.opensciencegrid.org/products/gcc/v6_4_0/Linux64bit+3.10-2.17/bin/../libexec/gcc/:/cvmfs/larsoft.opensciencegrid.org/products/gcc/v6_4_0/Linux64bit+3.10-2.17/bin/]
  ignore line: [LIBRARY_PATH=/cvmfs/larsoft.opensciencegrid.org/products/gcc/v6_4_0/Linux64bit+3.10-2.17/bin/../lib/gcc/x86_64-pc-linux-gnu/6.4.0/:/cvmfs/larsoft.opensciencegrid.org/products/gcc/v6_4_0/Linux64bit+3.10-2.17/bin/../lib/gcc/:/cvmfs/larsoft.opensciencegrid.org/products/gcc/v6_4_0/Linux64bit+3.10-2.17/bin/../lib/gcc/x86_64-pc-linux-gnu/6.4.0/../../../../lib64/:/lib/../lib64/:/usr/lib/../lib64/:/cvmfs/larsoft.opensciencegrid.org/products/gcc/v6_4_0/Linux64bit+3.10-2.17/bin/../lib/gcc/x86_64-pc-linux-gnu/6.4.0/../../../:/lib/:/usr/lib/]
  ignore line: [COLLECT_GCC_OPTIONS='-v' '-rdynamic' '-o' 'cmTC_a7fbc' '-mtune=generic' '-march=x86-64']
  link line: [ /cvmfs/larsoft.opensciencegrid.org/products/gcc/v6_4_0/Linux64bit+3.10-2.17/bin/../libexec/gcc/x86_64-pc-linux-gnu/6.4.0/collect2 -plugin /cvmfs/larsoft.opensciencegrid.org/products/gcc/v6_4_0/Linux64bit+3.10-2.17/bin/../libexec/gcc/x86_64-pc-linux-gnu/6.4.0/liblto_plugin.so -plugin-opt=/cvmfs/larsoft.opensciencegrid.org/products/gcc/v6_4_0/Linux64bit+3.10-2.17/bin/../libexec/gcc/x86_64-pc-linux-gnu/6.4.0/lto-wrapper -plugin-opt=-fresolution=/tmp/ccjqD2ER.res -plugin-opt=-pass-through=-lgcc -plugin-opt=-pass-through=-lgcc_s -plugin-opt=-pass-through=-lc -plugin-opt=-pass-through=-lgcc -plugin-opt=-pass-through=-lgcc_s --eh-frame-hdr -m elf_x86_64 -export-dynamic -dynamic-linker /lib64/ld-linux-x86-64.so.2 -o cmTC_a7fbc /lib/../lib64/crt1.o /lib/../lib64/crti.o /cvmfs/larsoft.opensciencegrid.org/products/gcc/v6_4_0/Linux64bit+3.10-2.17/bin/../lib/gcc/x86_64-pc-linux-gnu/6.4.0/crtbegin.o -L/cvmfs/larsoft.opensciencegrid.org/products/gcc/v6_4_0/Linux64bit+3.10-2.17/bin/../lib/gcc/x86_64-pc-linux-gnu/6.4.0 -L/cvmfs/larsoft.opensciencegrid.org/products/gcc/v6_4_0/Linux64bit+3.10-2.17/bin/../lib/gcc -L/cvmfs/larsoft.opensciencegrid.org/products/gcc/v6_4_0/Linux64bit+3.10-2.17/bin/../lib/gcc/x86_64-pc-linux-gnu/6.4.0/../../../../lib64 -L/lib/../lib64 -L/usr/lib/../lib64 -L/cvmfs/larsoft.opensciencegrid.org/products/gcc/v6_4_0/Linux64bit+3.10-2.17/bin/../lib/gcc/x86_64-pc-linux-gnu/6.4.0/../../.. CMakeFiles/cmTC_a7fbc.dir/CMakeCCompilerABI.c.o -lgcc --as-needed -lgcc_s --no-as-needed -lc -lgcc --as-needed -lgcc_s --no-as-needed /cvmfs/larsoft.opensciencegrid.org/products/gcc/v6_4_0/Linux64bit+3.10-2.17/bin/../lib/gcc/x86_64-pc-linux-gnu/6.4.0/crtend.o /lib/../lib64/crtn.o]
    arg [/cvmfs/larsoft.opensciencegrid.org/products/gcc/v6_4_0/Linux64bit+3.10-2.17/bin/../libexec/gcc/x86_64-pc-linux-gnu/6.4.0/collect2] ==> ignore
    arg [-plugin] ==> ignore
    arg [/cvmfs/larsoft.opensciencegrid.org/products/gcc/v6_4_0/Linux64bit+3.10-2.17/bin/../libexec/gcc/x86_64-pc-linux-gnu/6.4.0/liblto_plugin.so] ==> ignore
    arg [-plugin-opt=/cvmfs/larsoft.opensciencegrid.org/products/gcc/v6_4_0/Linux64bit+3.10-2.17/bin/../libexec/gcc/x86_64-pc-linux-gnu/6.4.0/lto-wrapper] ==> ignore
    arg [-plugin-opt=-fresolution=/tmp/ccjqD2ER.res] ==> ignore
    arg [-plugin-opt=-pass-through=-lgcc] ==> ignore
    arg [-plugin-opt=-pass-through=-lgcc_s] ==> ignore
    arg [-plugin-opt=-pass-through=-lc] ==> ignore
    arg [-plugin-opt=-pass-through=-lgcc] ==> ignore
    arg [-plugin-opt=-pass-through=-lgcc_s] ==> ignore
    arg [--eh-frame-hdr] ==> ignore
    arg [-m] ==> ignore
    arg [elf_x86_64] ==> ignore
    arg [-export-dynamic] ==> ignore
    arg [-dynamic-linker] ==> ignore
    arg [/lib64/ld-linux-x86-64.so.2] ==> ignore
    arg [-o] ==> ignore
    arg [cmTC_a7fbc] ==> ignore
    arg [/lib/../lib64/crt1.o] ==> ignore
    arg [/lib/../lib64/crti.o] ==> ignore
    arg [/cvmfs/larsoft.opensciencegrid.org/products/gcc/v6_4_0/Linux64bit+3.10-2.17/bin/../lib/gcc/x86_64-pc-linux-gnu/6.4.0/crtbegin.o] ==> ignore
    arg [-L/cvmfs/larsoft.opensciencegrid.org/products/gcc/v6_4_0/Linux64bit+3.10-2.17/bin/../lib/gcc/x86_64-pc-linux-gnu/6.4.0] ==> dir [/cvmfs/larsoft.opensciencegrid.org/products/gcc/v6_4_0/Linux64bit+3.10-2.17/bin/../lib/gcc/x86_64-pc-linux-gnu/6.4.0]
    arg [-L/cvmfs/larsoft.opensciencegrid.org/products/gcc/v6_4_0/Linux64bit+3.10-2.17/bin/../lib/gcc] ==> dir [/cvmfs/larsoft.opensciencegrid.org/products/gcc/v6_4_0/Linux64bit+3.10-2.17/bin/../lib/gcc]
    arg [-L/cvmfs/larsoft.opensciencegrid.org/products/gcc/v6_4_0/Linux64bit+3.10-2.17/bin/../lib/gcc/x86_64-pc-linux-gnu/6.4.0/../../../../lib64] ==> dir [/cvmfs/larsoft.opensciencegrid.org/products/gcc/v6_4_0/Linux64bit+3.10-2.17/bin/../lib/gcc/x86_64-pc-linux-gnu/6.4.0/../../../../lib64]
    arg [-L/lib/../lib64] ==> dir [/lib/../lib64]
    arg [-L/usr/lib/../lib64] ==> dir [/usr/lib/../lib64]
    arg [-L/cvmfs/larsoft.opensciencegrid.org/products/gcc/v6_4_0/Linux64bit+3.10-2.17/bin/../lib/gcc/x86_64-pc-linux-gnu/6.4.0/../../..] ==> dir [/cvmfs/larsoft.opensciencegrid.org/products/gcc/v6_4_0/Linux64bit+3.10-2.17/bin/../lib/gcc/x86_64-pc-linux-gnu/6.4.0/../../..]
    arg [CMakeFiles/cmTC_a7fbc.dir/CMakeCCompilerABI.c.o] ==> ignore
    arg [-lgcc] ==> lib [gcc]
    arg [--as-needed] ==> ignore
    arg [-lgcc_s] ==> lib [gcc_s]
    arg [--no-as-needed] ==> ignore
    arg [-lc] ==> lib [c]
    arg [-lgcc] ==> lib [gcc]
    arg [--as-needed] ==> ignore
    arg [-lgcc_s] ==> lib [gcc_s]
    arg [--no-as-needed] ==> ignore
    arg [/cvmfs/larsoft.opensciencegrid.org/products/gcc/v6_4_0/Linux64bit+3.10-2.17/bin/../lib/gcc/x86_64-pc-linux-gnu/6.4.0/crtend.o] ==> ignore
    arg [/lib/../lib64/crtn.o] ==> ignore
  collapse library dir [/cvmfs/larsoft.opensciencegrid.org/products/gcc/v6_4_0/Linux64bit+3.10-2.17/bin/../lib/gcc/x86_64-pc-linux-gnu/6.4.0] ==> [/cvmfs/larsoft.opensciencegrid.org/products/gcc/v6_4_0/Linux64bit+3.10-2.17/lib/gcc/x86_64-pc-linux-gnu/6.4.0]
  collapse library dir [/cvmfs/larsoft.opensciencegrid.org/products/gcc/v6_4_0/Linux64bit+3.10-2.17/bin/../lib/gcc] ==> [/cvmfs/larsoft.opensciencegrid.org/products/gcc/v6_4_0/Linux64bit+3.10-2.17/lib/gcc]
  collapse library dir [/cvmfs/larsoft.opensciencegrid.org/products/gcc/v6_4_0/Linux64bit+3.10-2.17/bin/../lib/gcc/x86_64-pc-linux-gnu/6.4.0/../../../../lib64] ==> [/cvmfs/larsoft.opensciencegrid.org/products/gcc/v6_4_0/Linux64bit+3.10-2.17/lib64]
  collapse library dir [/lib/../lib64] ==> [/lib64]
  collapse library dir [/usr/lib/../lib64] ==> [/usr/lib64]
  collapse library dir [/cvmfs/larsoft.opensciencegrid.org/products/gcc/v6_4_0/Linux64bit+3.10-2.17/bin/../lib/gcc/x86_64-pc-linux-gnu/6.4.0/../../..] ==> [/cvmfs/larsoft.opensciencegrid.org/products/gcc/v6_4_0/Linux64bit+3.10-2.17/lib]
  implicit libs: [gcc;gcc_s;c;gcc;gcc_s]
  implicit dirs: [/cvmfs/larsoft.opensciencegrid.org/products/gcc/v6_4_0/Linux64bit+3.10-2.17/lib/gcc/x86_64-pc-linux-gnu/6.4.0;/cvmfs/larsoft.opensciencegrid.org/products/gcc/v6_4_0/Linux64bit+3.10-2.17/lib/gcc;/cvmfs/larsoft.opensciencegrid.org/products/gcc/v6_4_0/Linux64bit+3.10-2.17/lib64;/lib64;/usr/lib64;/cvmfs/larsoft.opensciencegrid.org/products/gcc/v6_4_0/Linux64bit+3.10-2.17/lib]
  implicit fwks: []




Detecting C [-std=c11] compiler features compiled with the following output:
Change Dir: /exp/dune/app/users/gyang/lblpwgtools/CAFAna/scripts/CMakeFiles/CMakeTmp

Run Build Command:"/usr/bin/gmake" "cmTC_e1e8b/fast"
/usr/bin/gmake -f CMakeFiles/cmTC_e1e8b.dir/build.make CMakeFiles/cmTC_e1e8b.dir/build
gmake[1]: Entering directory `/exp/dune/app/users/gyang/lblpwgtools/CAFAna/scripts/CMakeFiles/CMakeTmp'
Building C object CMakeFiles/cmTC_e1e8b.dir/feature_tests.c.o
/cvmfs/larsoft.opensciencegrid.org/products/gcc/v6_4_0/Linux64bit+3.10-2.17/bin/gcc   -std=c11 -o CMakeFiles/cmTC_e1e8b.dir/feature_tests.c.o   -c /exp/dune/app/users/gyang/lblpwgtools/CAFAna/scripts/CMakeFiles/feature_tests.c
Linking C executable cmTC_e1e8b
/cvmfs/dune.opensciencegrid.org/products/dune/cmake/v3_12_2/Linux64bit+3.10-2.17/bin/cmake -E cmake_link_script CMakeFiles/cmTC_e1e8b.dir/link.txt --verbose=1
/cvmfs/larsoft.opensciencegrid.org/products/gcc/v6_4_0/Linux64bit+3.10-2.17/bin/gcc      -rdynamic CMakeFiles/cmTC_e1e8b.dir/feature_tests.c.o  -o cmTC_e1e8b 
gmake[1]: Leaving directory `/exp/dune/app/users/gyang/lblpwgtools/CAFAna/scripts/CMakeFiles/CMakeTmp'


    Feature record: C_FEATURE:1c_function_prototypes
    Feature record: C_FEATURE:1c_restrict
    Feature record: C_FEATURE:1c_static_assert
    Feature record: C_FEATURE:1c_variadic_macros


Detecting C [-std=c99] compiler features compiled with the following output:
Change Dir: /exp/dune/app/users/gyang/lblpwgtools/CAFAna/scripts/CMakeFiles/CMakeTmp

Run Build Command:"/usr/bin/gmake" "cmTC_30120/fast"
/usr/bin/gmake -f CMakeFiles/cmTC_30120.dir/build.make CMakeFiles/cmTC_30120.dir/build
gmake[1]: Entering directory `/exp/dune/app/users/gyang/lblpwgtools/CAFAna/scripts/CMakeFiles/CMakeTmp'
Building C object CMakeFiles/cmTC_30120.dir/feature_tests.c.o
/cvmfs/larsoft.opensciencegrid.org/products/gcc/v6_4_0/Linux64bit+3.10-2.17/bin/gcc   -std=c99 -o CMakeFiles/cmTC_30120.dir/feature_tests.c.o   -c /exp/dune/app/users/gyang/lblpwgtools/CAFAna/scripts/CMakeFiles/feature_tests.c
Linking C executable cmTC_30120
/cvmfs/dune.opensciencegrid.org/products/dune/cmake/v3_12_2/Linux64bit+3.10-2.17/bin/cmake -E cmake_link_script CMakeFiles/cmTC_30120.dir/link.txt --verbose=1
/cvmfs/larsoft.opensciencegrid.org/products/gcc/v6_4_0/Linux64bit+3.10-2.17/bin/gcc      -rdynamic CMakeFiles/cmTC_30120.dir/feature_tests.c.o  -o cmTC_30120 
gmake[1]: Leaving directory `/exp/dune/app/users/gyang/lblpwgtools/CAFAna/scripts/CMakeFiles/CMakeTmp'


    Feature record: C_FEATURE:1c_function_prototypes
    Feature record: C_FEATURE:1c_restrict
    Feature record: C_FEATURE:0c_static_assert
    Feature record: C_FEATURE:1c_variadic_macros


Detecting C [-std=c90] compiler features compiled with the following output:
Change Dir: /exp/dune/app/users/gyang/lblpwgtools/CAFAna/scripts/CMakeFiles/CMakeTmp

Run Build Command:"/usr/bin/gmake" "cmTC_34d0c/fast"
/usr/bin/gmake -f CMakeFiles/cmTC_34d0c.dir/build.make CMakeFiles/cmTC_34d0c.dir/build
gmake[1]: Entering directory `/exp/dune/app/users/gyang/lblpwgtools/CAFAna/scripts/CMakeFiles/CMakeTmp'
Building C object CMakeFiles/cmTC_34d0c.dir/feature_tests.c.o
/cvmfs/larsoft.opensciencegrid.org/products/gcc/v6_4_0/Linux64bit+3.10-2.17/bin/gcc   -std=c90 -o CMakeFiles/cmTC_34d0c.dir/feature_tests.c.o   -c /exp/dune/app/users/gyang/lblpwgtools/CAFAna/scripts/CMakeFiles/feature_tests.c
Linking C executable cmTC_34d0c
/cvmfs/dune.opensciencegrid.org/products/dune/cmake/v3_12_2/Linux64bit+3.10-2.17/bin/cmake -E cmake_link_script CMakeFiles/cmTC_34d0c.dir/link.txt --verbose=1
/cvmfs/larsoft.opensciencegrid.org/products/gcc/v6_4_0/Linux64bit+3.10-2.17/bin/gcc      -rdynamic CMakeFiles/cmTC_34d0c.dir/feature_tests.c.o  -o cmTC_34d0c 
gmake[1]: Leaving directory `/exp/dune/app/users/gyang/lblpwgtools/CAFAna/scripts/CMakeFiles/CMakeTmp'


    Feature record: C_FEATURE:1c_function_prototypes
    Feature record: C_FEATURE:0c_restrict
    Feature record: C_FEATURE:0c_static_assert
    Feature record: C_FEATURE:0c_variadic_macros
Determining if the CXX compiler works passed with the following output:
Change Dir: /exp/dune/app/users/gyang/lblpwgtools/CAFAna/scripts/CMakeFiles/CMakeTmp

Run Build Command:"/usr/bin/gmake" "cmTC_24237/fast"
/usr/bin/gmake -f CMakeFiles/cmTC_24237.dir/build.make CMakeFiles/cmTC_24237.dir/build
gmake[1]: Entering directory `/exp/dune/app/users/gyang/lblpwgtools/CAFAna/scripts/CMakeFiles/CMakeTmp'
Building CXX object CMakeFiles/cmTC_24237.dir/testCXXCompiler.cxx.o
/cvmfs/larsoft.opensciencegrid.org/products/gcc/v6_4_0/Linux64bit+3.10-2.17/bin/g++     -o CMakeFiles/cmTC_24237.dir/testCXXCompiler.cxx.o -c /exp/dune/app/users/gyang/lblpwgtools/CAFAna/scripts/CMakeFiles/CMakeTmp/testCXXCompiler.cxx
Linking CXX executable cmTC_24237
/cvmfs/dune.opensciencegrid.org/products/dune/cmake/v3_12_2/Linux64bit+3.10-2.17/bin/cmake -E cmake_link_script CMakeFiles/cmTC_24237.dir/link.txt --verbose=1
/cvmfs/larsoft.opensciencegrid.org/products/gcc/v6_4_0/Linux64bit+3.10-2.17/bin/g++       -rdynamic CMakeFiles/cmTC_24237.dir/testCXXCompiler.cxx.o  -o cmTC_24237 
gmake[1]: Leaving directory `/exp/dune/app/users/gyang/lblpwgtools/CAFAna/scripts/CMakeFiles/CMakeTmp'


Detecting CXX compiler ABI info compiled with the following output:
Change Dir: /exp/dune/app/users/gyang/lblpwgtools/CAFAna/scripts/CMakeFiles/CMakeTmp

Run Build Command:"/usr/bin/gmake" "cmTC_024a9/fast"
/usr/bin/gmake -f CMakeFiles/cmTC_024a9.dir/build.make CMakeFiles/cmTC_024a9.dir/build
gmake[1]: Entering directory `/exp/dune/app/users/gyang/lblpwgtools/CAFAna/scripts/CMakeFiles/CMakeTmp'
Building CXX object CMakeFiles/cmTC_024a9.dir/CMakeCXXCompilerABI.cpp.o
/cvmfs/larsoft.opensciencegrid.org/products/gcc/v6_4_0/Linux64bit+3.10-2.17/bin/g++     -o CMakeFiles/cmTC_024a9.dir/CMakeCXXCompilerABI.cpp.o -c /cvmfs/dune.opensciencegrid.org/products/dune/cmake/v3_12_2/Linux64bit+3.10-2.17/share/cmake-3.12/Modules/CMakeCXXCompilerABI.cpp
Linking CXX executable cmTC_024a9
/cvmfs/dune.opensciencegrid.org/products/dune/cmake/v3_12_2/Linux64bit+3.10-2.17/bin/cmake -E cmake_link_script CMakeFiles/cmTC_024a9.dir/link.txt --verbose=1
/cvmfs/larsoft.opensciencegrid.org/products/gcc/v6_4_0/Linux64bit+3.10-2.17/bin/g++      -v -rdynamic CMakeFiles/cmTC_024a9.dir/CMakeCXXCompilerABI.cpp.o  -o cmTC_024a9 
Using built-in specs.
COLLECT_GCC=/cvmfs/larsoft.opensciencegrid.org/products/gcc/v6_4_0/Linux64bit+3.10-2.17/bin/g++
COLLECT_LTO_WRAPPER=/cvmfs/larsoft.opensciencegrid.org/products/gcc/v6_4_0/Linux64bit+3.10-2.17/bin/../libexec/gcc/x86_64-pc-linux-gnu/6.4.0/lto-wrapper
Target: x86_64-pc-linux-gnu
Configured with: ./configure --prefix=/scratch/workspace/art-build-base/v6_4_0/SLF7/build/gcc/v6_4_0/Linux64bit+3.10-2.17 --disable-libgcj --enable-threads=posix --enable-__cxa_atexit --enable-languages=c,c++,fortran,lto --with-system-zlib --enable-libstdcxx-time=rt --enable-stage1-checking=yes --enable-checking=release --enable-lto --enable-plugin
Thread model: posix
gcc version 6.4.0 (GCC) 
COMPILER_PATH=/cvmfs/larsoft.opensciencegrid.org/products/gcc/v6_4_0/Linux64bit+3.10-2.17/bin/../libexec/gcc/x86_64-pc-linux-gnu/6.4.0/:/cvmfs/larsoft.opensciencegrid.org/products/gcc/v6_4_0/Linux64bit+3.10-2.17/bin/../libexec/gcc/:/cvmfs/larsoft.opensciencegrid.org/products/gcc/v6_4_0/Linux64bit+3.10-2.17/bin/
LIBRARY_PATH=/cvmfs/larsoft.opensciencegrid.org/products/gcc/v6_4_0/Linux64bit+3.10-2.17/bin/../lib/gcc/x86_64-pc-linux-gnu/6.4.0/:/cvmfs/larsoft.opensciencegrid.org/products/gcc/v6_4_0/Linux64bit+3.10-2.17/bin/../lib/gcc/:/cvmfs/larsoft.opensciencegrid.org/products/gcc/v6_4_0/Linux64bit+3.10-2.17/bin/../lib/gcc/x86_64-pc-linux-gnu/6.4.0/../../../../lib64/:/lib/../lib64/:/usr/lib/../lib64/:/cvmfs/larsoft.opensciencegrid.org/products/gcc/v6_4_0/Linux64bit+3.10-2.17/bin/../lib/gcc/x86_64-pc-linux-gnu/6.4.0/../../../:/lib/:/usr/lib/
COLLECT_GCC_OPTIONS='-v' '-rdynamic' '-o' 'cmTC_024a9' '-shared-libgcc' '-mtune=generic' '-march=x86-64'
 /cvmfs/larsoft.opensciencegrid.org/products/gcc/v6_4_0/Linux64bit+3.10-2.17/bin/../libexec/gcc/x86_64-pc-linux-gnu/6.4.0/collect2 -plugin /cvmfs/larsoft.opensciencegrid.org/products/gcc/v6_4_0/Linux64bit+3.10-2.17/bin/../libexec/gcc/x86_64-pc-linux-gnu/6.4.0/liblto_plugin.so -plugin-opt=/cvmfs/larsoft.opensciencegrid.org/products/gcc/v6_4_0/Linux64bit+3.10-2.17/bin/../libexec/gcc/x86_64-pc-linux-gnu/6.4.0/lto-wrapper -plugin-opt=-fresolution=/tmp/ccqzOlhK.res -plugin-opt=-pass-through=-lgcc_s -plugin-opt=-pass-through=-lgcc -plugin-opt=-pass-through=-lc -plugin-opt=-pass-through=-lgcc_s -plugin-opt=-pass-through=-lgcc --eh-frame-hdr -m elf_x86_64 -export-dynamic -dynamic-linker /lib64/ld-linux-x86-64.so.2 -o cmTC_024a9 /lib/../lib64/crt1.o /lib/../lib64/crti.o /cvmfs/larsoft.opensciencegrid.org/products/gcc/v6_4_0/Linux64bit+3.10-2.17/bin/../lib/gcc/x86_64-pc-linux-gnu/6.4.0/crtbegin.o -L/cvmfs/larsoft.opensciencegrid.org/products/gcc/v6_4_0/Linux64bit+3.10-2.17/bin/../lib/gcc/x86_64-pc-linux-gnu/6.4.0 -L/cvmfs/larsoft.opensciencegrid.org/products/gcc/v6_4_0/Linux64bit+3.10-2.17/bin/../lib/gcc -L/cvmfs/larsoft.opensciencegrid.org/products/gcc/v6_4_0/Linux64bit+3.10-2.17/bin/../lib/gcc/x86_64-pc-linux-gnu/6.4.0/../../../../lib64 -L/lib/../lib64 -L/usr/lib/../lib64 -L/cvmfs/larsoft.opensciencegrid.org/products/gcc/v6_4_0/Linux64bit+3.10-2.17/bin/../lib/gcc/x86_64-pc-linux-gnu/6.4.0/../../.. CMakeFiles/cmTC_024a9.dir/CMakeCXXCompilerABI.cpp.o -lstdc++ -lm -lgcc_s -lgcc -lc -lgcc_s -lgcc /cvmfs/larsoft.opensciencegrid.org/products/gcc/v6_4_0/Linux64bit+3.10-2.17/bin/../lib/gcc/x86_64-pc-linux-gnu/6.4.0/crtend.o /lib/../lib64/crtn.o
COLLECT_GCC_OPTIONS='-v' '-rdynamic' '-o' 'cmTC_024a9' '-shared-libgcc' '-mtune=generic' '-march=x86-64'
gmake[1]: Leaving directory `/exp/dune/app/users/gyang/lblpwgtools/CAFAna/scripts/CMakeFiles/CMakeTmp'


Parsed CXX implicit link information from above output:
  link line regex: [^( *|.*[/\])(ld|CMAKE_LINK_STARTFILE-NOTFOUND|([^/\]+-)?ld|collect2)[^/\]*( |$)]
  ignore line: [Change Dir: /exp/dune/app/users/gyang/lblpwgtools/CAFAna/scripts/CMakeFiles/CMakeTmp]
  ignore line: []
  ignore line: [Run Build Command:"/usr/bin/gmake" "cmTC_024a9/fast"]
  ignore line: [/usr/bin/gmake -f CMakeFiles/cmTC_024a9.dir/build.make CMakeFiles/cmTC_024a9.dir/build]
  ignore line: [gmake[1]: Entering directory `/exp/dune/app/users/gyang/lblpwgtools/CAFAna/scripts/CMakeFiles/CMakeTmp']
  ignore line: [Building CXX object CMakeFiles/cmTC_024a9.dir/CMakeCXXCompilerABI.cpp.o]
  ignore line: [/cvmfs/larsoft.opensciencegrid.org/products/gcc/v6_4_0/Linux64bit+3.10-2.17/bin/g++     -o CMakeFiles/cmTC_024a9.dir/CMakeCXXCompilerABI.cpp.o -c /cvmfs/dune.opensciencegrid.org/products/dune/cmake/v3_12_2/Linux64bit+3.10-2.17/share/cmake-3.12/Modules/CMakeCXXCompilerABI.cpp]
  ignore line: [Linking CXX executable cmTC_024a9]
  ignore line: [/cvmfs/dune.opensciencegrid.org/products/dune/cmake/v3_12_2/Linux64bit+3.10-2.17/bin/cmake -E cmake_link_script CMakeFiles/cmTC_024a9.dir/link.txt --verbose=1]
  ignore line: [/cvmfs/larsoft.opensciencegrid.org/products/gcc/v6_4_0/Linux64bit+3.10-2.17/bin/g++      -v -rdynamic CMakeFiles/cmTC_024a9.dir/CMakeCXXCompilerABI.cpp.o  -o cmTC_024a9 ]
  ignore line: [Using built-in specs.]
  ignore line: [COLLECT_GCC=/cvmfs/larsoft.opensciencegrid.org/products/gcc/v6_4_0/Linux64bit+3.10-2.17/bin/g++]
  ignore line: [COLLECT_LTO_WRAPPER=/cvmfs/larsoft.opensciencegrid.org/products/gcc/v6_4_0/Linux64bit+3.10-2.17/bin/../libexec/gcc/x86_64-pc-linux-gnu/6.4.0/lto-wrapper]
  ignore line: [Target: x86_64-pc-linux-gnu]
  ignore line: [Configured with: ./configure --prefix=/scratch/workspace/art-build-base/v6_4_0/SLF7/build/gcc/v6_4_0/Linux64bit+3.10-2.17 --disable-libgcj --enable-threads=posix --enable-__cxa_atexit --enable-languages=c,c++,fortran,lto --with-system-zlib --enable-libstdcxx-time=rt --enable-stage1-checking=yes --enable-checking=release --enable-lto --enable-plugin]
  ignore line: [Thread model: posix]
  ignore line: [gcc version 6.4.0 (GCC) ]
  ignore line: [COMPILER_PATH=/cvmfs/larsoft.opensciencegrid.org/products/gcc/v6_4_0/Linux64bit+3.10-2.17/bin/../libexec/gcc/x86_64-pc-linux-gnu/6.4.0/:/cvmfs/larsoft.opensciencegrid.org/products/gcc/v6_4_0/Linux64bit+3.10-2.17/bin/../libexec/gcc/:/cvmfs/larsoft.opensciencegrid.org/products/gcc/v6_4_0/Linux64bit+3.10-2.17/bin/]
  ignore line: [LIBRARY_PATH=/cvmfs/larsoft.opensciencegrid.org/products/gcc/v6_4_0/Linux64bit+3.10-2.17/bin/../lib/gcc/x86_64-pc-linux-gnu/6.4.0/:/cvmfs/larsoft.opensciencegrid.org/products/gcc/v6_4_0/Linux64bit+3.10-2.17/bin/../lib/gcc/:/cvmfs/larsoft.opensciencegrid.org/products/gcc/v6_4_0/Linux64bit+3.10-2.17/bin/../lib/gcc/x86_64-pc-linux-gnu/6.4.0/../../../../lib64/:/lib/../lib64/:/usr/lib/../lib64/:/cvmfs/larsoft.opensciencegrid.org/products/gcc/v6_4_0/Linux64bit+3.10-2.17/bin/../lib/gcc/x86_64-pc-linux-gnu/6.4.0/../../../:/lib/:/usr/lib/]
  ignore line: [COLLECT_GCC_OPTIONS='-v' '-rdynamic' '-o' 'cmTC_024a9' '-shared-libgcc' '-mtune=generic' '-march=x86-64']
  link line: [ /cvmfs/larsoft.opensciencegrid.org/products/gcc/v6_4_0/Linux64bit+3.10-2.17/bin/../libexec/gcc/x86_64-pc-linux-gnu/6.4.0/collect2 -plugin /cvmfs/larsoft.opensciencegrid.org/products/gcc/v6_4_0/Linux64bit+3.10-2.17/bin/../libexec/gcc/x86_64-pc-linux-gnu/6.4.0/liblto_plugin.so -plugin-opt=/cvmfs/larsoft.opensciencegrid.org/products/gcc/v6_4_0/Linux64bit+3.10-2.17/bin/../libexec/gcc/x86_64-pc-linux-gnu/6.4.0/lto-wrapper -plugin-opt=-fresolution=/tmp/ccqzOlhK.res -plugin-opt=-pass-through=-lgcc_s -plugin-opt=-pass-through=-lgcc -plugin-opt=-pass-through=-lc -plugin-opt=-pass-through=-lgcc_s -plugin-opt=-pass-through=-lgcc --eh-frame-hdr -m elf_x86_64 -export-dynamic -dynamic-linker /lib64/ld-linux-x86-64.so.2 -o cmTC_024a9 /lib/../lib64/crt1.o /lib/../lib64/crti.o /cvmfs/larsoft.opensciencegrid.org/products/gcc/v6_4_0/Linux64bit+3.10-2.17/bin/../lib/gcc/x86_64-pc-linux-gnu/6.4.0/crtbegin.o -L/cvmfs/larsoft.opensciencegrid.org/products/gcc/v6_4_0/Linux64bit+3.10-2.17/bin/../lib/gcc/x86_64-pc-linux-gnu/6.4.0 -L/cvmfs/larsoft.opensciencegrid.org/products/gcc/v6_4_0/Linux64bit+3.10-2.17/bin/../lib/gcc -L/cvmfs/larsoft.opensciencegrid.org/products/gcc/v6_4_0/Linux64bit+3.10-2.17/bin/../lib/gcc/x86_64-pc-linux-gnu/6.4.0/../../../../lib64 -L/lib/../lib64 -L/usr/lib/../lib64 -L/cvmfs/larsoft.opensciencegrid.org/products/gcc/v6_4_0/Linux64bit+3.10-2.17/bin/../lib/gcc/x86_64-pc-linux-gnu/6.4.0/../../.. CMakeFiles/cmTC_024a9.dir/CMakeCXXCompilerABI.cpp.o -lstdc++ -lm -lgcc_s -lgcc -lc -lgcc_s -lgcc /cvmfs/larsoft.opensciencegrid.org/products/gcc/v6_4_0/Linux64bit+3.10-2.17/bin/../lib/gcc/x86_64-pc-linux-gnu/6.4.0/crtend.o /lib/../lib64/crtn.o]
    arg [/cvmfs/larsoft.opensciencegrid.org/products/gcc/v6_4_0/Linux64bit+3.10-2.17/bin/../libexec/gcc/x86_64-pc-linux-gnu/6.4.0/collect2] ==> ignore
    arg [-plugin] ==> ignore
    arg [/cvmfs/larsoft.opensciencegrid.org/products/gcc/v6_4_0/Linux64bit+3.10-2.17/bin/../libexec/gcc/x86_64-pc-linux-gnu/6.4.0/liblto_plugin.so] ==> ignore
    arg [-plugin-opt=/cvmfs/larsoft.opensciencegrid.org/products/gcc/v6_4_0/Linux64bit+3.10-2.17/bin/../libexec/gcc/x86_64-pc-linux-gnu/6.4.0/lto-wrapper] ==> ignore
    arg [-plugin-opt=-fresolution=/tmp/ccqzOlhK.res] ==> ignore
    arg [-plugin-opt=-pass-through=-lgcc_s] ==> ignore
    arg [-plugin-opt=-pass-through=-lgcc] ==> ignore
    arg [-plugin-opt=-pass-through=-lc] ==> ignore
    arg [-plugin-opt=-pass-through=-lgcc_s] ==> ignore
    arg [-plugin-opt=-pass-through=-lgcc] ==> ignore
    arg [--eh-frame-hdr] ==> ignore
    arg [-m] ==> ignore
    arg [elf_x86_64] ==> ignore
    arg [-export-dynamic] ==> ignore
    arg [-dynamic-linker] ==> ignore
    arg [/lib64/ld-linux-x86-64.so.2] ==> ignore
    arg [-o] ==> ignore
    arg [cmTC_024a9] ==> ignore
    arg [/lib/../lib64/crt1.o] ==> ignore
    arg [/lib/../lib64/crti.o] ==> ignore
    arg [/cvmfs/larsoft.opensciencegrid.org/products/gcc/v6_4_0/Linux64bit+3.10-2.17/bin/../lib/gcc/x86_64-pc-linux-gnu/6.4.0/crtbegin.o] ==> ignore
    arg [-L/cvmfs/larsoft.opensciencegrid.org/products/gcc/v6_4_0/Linux64bit+3.10-2.17/bin/../lib/gcc/x86_64-pc-linux-gnu/6.4.0] ==> dir [/cvmfs/larsoft.opensciencegrid.org/products/gcc/v6_4_0/Linux64bit+3.10-2.17/bin/../lib/gcc/x86_64-pc-linux-gnu/6.4.0]
    arg [-L/cvmfs/larsoft.opensciencegrid.org/products/gcc/v6_4_0/Linux64bit+3.10-2.17/bin/../lib/gcc] ==> dir [/cvmfs/larsoft.opensciencegrid.org/products/gcc/v6_4_0/Linux64bit+3.10-2.17/bin/../lib/gcc]
    arg [-L/cvmfs/larsoft.opensciencegrid.org/products/gcc/v6_4_0/Linux64bit+3.10-2.17/bin/../lib/gcc/x86_64-pc-linux-gnu/6.4.0/../../../../lib64] ==> dir [/cvmfs/larsoft.opensciencegrid.org/products/gcc/v6_4_0/Linux64bit+3.10-2.17/bin/../lib/gcc/x86_64-pc-linux-gnu/6.4.0/../../../../lib64]
    arg [-L/lib/../lib64] ==> dir [/lib/../lib64]
    arg [-L/usr/lib/../lib64] ==> dir [/usr/lib/../lib64]
    arg [-L/cvmfs/larsoft.opensciencegrid.org/products/gcc/v6_4_0/Linux64bit+3.10-2.17/bin/../lib/gcc/x86_64-pc-linux-gnu/6.4.0/../../..] ==> dir [/cvmfs/larsoft.opensciencegrid.org/products/gcc/v6_4_0/Linux64bit+3.10-2.17/bin/../lib/gcc/x86_64-pc-linux-gnu/6.4.0/../../..]
    arg [CMakeFiles/cmTC_024a9.dir/CMakeCXXCompilerABI.cpp.o] ==> ignore
    arg [-lstdc++] ==> lib [stdc++]
    arg [-lm] ==> lib [m]
    arg [-lgcc_s] ==> lib [gcc_s]
    arg [-lgcc] ==> lib [gcc]
    arg [-lc] ==> lib [c]
    arg [-lgcc_s] ==> lib [gcc_s]
    arg [-lgcc] ==> lib [gcc]
    arg [/cvmfs/larsoft.opensciencegrid.org/products/gcc/v6_4_0/Linux64bit+3.10-2.17/bin/../lib/gcc/x86_64-pc-linux-gnu/6.4.0/crtend.o] ==> ignore
    arg [/lib/../lib64/crtn.o] ==> ignore
  collapse library dir [/cvmfs/larsoft.opensciencegrid.org/products/gcc/v6_4_0/Linux64bit+3.10-2.17/bin/../lib/gcc/x86_64-pc-linux-gnu/6.4.0] ==> [/cvmfs/larsoft.opensciencegrid.org/products/gcc/v6_4_0/Linux64bit+3.10-2.17/lib/gcc/x86_64-pc-linux-gnu/6.4.0]
  collapse library dir [/cvmfs/larsoft.opensciencegrid.org/products/gcc/v6_4_0/Linux64bit+3.10-2.17/bin/../lib/gcc] ==> [/cvmfs/larsoft.opensciencegrid.org/products/gcc/v6_4_0/Linux64bit+3.10-2.17/lib/gcc]
  collapse library dir [/cvmfs/larsoft.opensciencegrid.org/products/gcc/v6_4_0/Linux64bit+3.10-2.17/bin/../lib/gcc/x86_64-pc-linux-gnu/6.4.0/../../../../lib64] ==> [/cvmfs/larsoft.opensciencegrid.org/products/gcc/v6_4_0/Linux64bit+3.10-2.17/lib64]
  collapse library dir [/lib/../lib64] ==> [/lib64]
  collapse library dir [/usr/lib/../lib64] ==> [/usr/lib64]
  collapse library dir [/cvmfs/larsoft.opensciencegrid.org/products/gcc/v6_4_0/Linux64bit+3.10-2.17/bin/../lib/gcc/x86_64-pc-linux-gnu/6.4.0/../../..] ==> [/cvmfs/larsoft.opensciencegrid.org/products/gcc/v6_4_0/Linux64bit+3.10-2.17/lib]
  implicit libs: [stdc++;m;gcc_s;gcc;c;gcc_s;gcc]
  implicit dirs: [/cvmfs/larsoft.opensciencegrid.org/products/gcc/v6_4_0/Linux64bit+3.10-2.17/lib/gcc/x86_64-pc-linux-gnu/6.4.0;/cvmfs/larsoft.opensciencegrid.org/products/gcc/v6_4_0/Linux64bit+3.10-2.17/lib/gcc;/cvmfs/larsoft.opensciencegrid.org/products/gcc/v6_4_0/Linux64bit+3.10-2.17/lib64;/lib64;/usr/lib64;/cvmfs/larsoft.opensciencegrid.org/products/gcc/v6_4_0/Linux64bit+3.10-2.17/lib]
  implicit fwks: []




Detecting CXX [-std=c++1z] compiler features compiled with the following output:
Change Dir: /exp/dune/app/users/gyang/lblpwgtools/CAFAna/scripts/CMakeFiles/CMakeTmp

Run Build Command:"/usr/bin/gmake" "cmTC_600ad/fast"
/usr/bin/gmake -f CMakeFiles/cmTC_600ad.dir/build.make CMakeFiles/cmTC_600ad.dir/build
gmake[1]: Entering directory `/exp/dune/app/users/gyang/lblpwgtools/CAFAna/scripts/CMakeFiles/CMakeTmp'
Building CXX object CMakeFiles/cmTC_600ad.dir/feature_tests.cxx.o
/cvmfs/larsoft.opensciencegrid.org/products/gcc/v6_4_0/Linux64bit+3.10-2.17/bin/g++    -std=c++1z -o CMakeFiles/cmTC_600ad.dir/feature_tests.cxx.o -c /exp/dune/app/users/gyang/lblpwgtools/CAFAna/scripts/CMakeFiles/feature_tests.cxx
Linking CXX executable cmTC_600ad
/cvmfs/dune.opensciencegrid.org/products/dune/cmake/v3_12_2/Linux64bit+3.10-2.17/bin/cmake -E cmake_link_script CMakeFiles/cmTC_600ad.dir/link.txt --verbose=1
/cvmfs/larsoft.opensciencegrid.org/products/gcc/v6_4_0/Linux64bit+3.10-2.17/bin/g++       -rdynamic CMakeFiles/cmTC_600ad.dir/feature_tests.cxx.o  -o cmTC_600ad 
gmake[1]: Leaving directory `/exp/dune/app/users/gyang/lblpwgtools/CAFAna/scripts/CMakeFiles/CMakeTmp'


    Feature record: CXX_FEATURE:1cxx_aggregate_default_initializers
    Feature record: CXX_FEATURE:1cxx_alias_templates
    Feature record: CXX_FEATURE:1cxx_alignas
    Feature record: CXX_FEATURE:1cxx_alignof
    Feature record: CXX_FEATURE:1cxx_attributes
    Feature record: CXX_FEATURE:1cxx_attribute_deprecated
    Feature record: CXX_FEATURE:1cxx_auto_type
    Feature record: CXX_FEATURE:1cxx_binary_literals
    Feature record: CXX_FEATURE:1cxx_constexpr
    Feature record: CXX_FEATURE:1cxx_contextual_conversions
    Feature record: CXX_FEATURE:1cxx_decltype
    Feature record: CXX_FEATURE:1cxx_decltype_auto
    Feature record: CXX_FEATURE:1cxx_decltype_incomplete_return_types
    Feature record: CXX_FEATURE:1cxx_default_function_template_args
    Feature record: CXX_FEATURE:1cxx_defaulted_functions
    Feature record: CXX_FEATURE:1cxx_defaulted_move_initializers
    Feature record: CXX_FEATURE:1cxx_delegating_constructors
    Feature record: CXX_FEATURE:1cxx_deleted_functions
    Feature record: CXX_FEATURE:1cxx_digit_separators
    Feature record: CXX_FEATURE:1cxx_enum_forward_declarations
    Feature record: CXX_FEATURE:1cxx_explicit_conversions
    Feature record: CXX_FEATURE:1cxx_extended_friend_declarations
    Feature record: CXX_FEATURE:1cxx_extern_templates
    Feature record: CXX_FEATURE:1cxx_final
    Feature record: CXX_FEATURE:1cxx_func_identifier
    Feature record: CXX_FEATURE:1cxx_generalized_initializers
    Feature record: CXX_FEATURE:1cxx_generic_lambdas
    Feature record: CXX_FEATURE:1cxx_inheriting_constructors
    Feature record: CXX_FEATURE:1cxx_inline_namespaces
    Feature record: CXX_FEATURE:1cxx_lambdas
    Feature record: CXX_FEATURE:1cxx_lambda_init_captures
    Feature record: CXX_FEATURE:1cxx_local_type_template_args
    Feature record: CXX_FEATURE:1cxx_long_long_type
    Feature record: CXX_FEATURE:1cxx_noexcept
    Feature record: CXX_FEATURE:1cxx_nonstatic_member_init
    Feature record: CXX_FEATURE:1cxx_nullptr
    Feature record: CXX_FEATURE:1cxx_override
    Feature record: CXX_FEATURE:1cxx_range_for
    Feature record: CXX_FEATURE:1cxx_raw_string_literals
    Feature record: CXX_FEATURE:1cxx_reference_qualified_functions
    Feature record: CXX_FEATURE:1cxx_relaxed_constexpr
    Feature record: CXX_FEATURE:1cxx_return_type_deduction
    Feature record: CXX_FEATURE:1cxx_right_angle_brackets
    Feature record: CXX_FEATURE:1cxx_rvalue_references
    Feature record: CXX_FEATURE:1cxx_sizeof_member
    Feature record: CXX_FEATURE:1cxx_static_assert
    Feature record: CXX_FEATURE:1cxx_strong_enums
    Feature record: CXX_FEATURE:1cxx_template_template_parameters
    Feature record: CXX_FEATURE:1cxx_thread_local
    Feature record: CXX_FEATURE:1cxx_trailing_return_types
    Feature record: CXX_FEATURE:1cxx_unicode_literals
    Feature record: CXX_FEATURE:1cxx_uniform_initialization
    Feature record: CXX_FEATURE:1cxx_unrestricted_unions
    Feature record: CXX_FEATURE:1cxx_user_literals
    Feature record: CXX_FEATURE:1cxx_variable_templates
    Feature record: CXX_FEATURE:1cxx_variadic_macros
    Feature record: CXX_FEATURE:1cxx_variadic_templates


Detecting CXX [-std=c++14] compiler features compiled with the following output:
Change Dir: /exp/dune/app/users/gyang/lblpwgtools/CAFAna/scripts/CMakeFiles/CMakeTmp

Run Build Command:"/usr/bin/gmake" "cmTC_b691a/fast"
/usr/bin/gmake -f CMakeFiles/cmTC_b691a.dir/build.make CMakeFiles/cmTC_b691a.dir/build
gmake[1]: Entering directory `/exp/dune/app/users/gyang/lblpwgtools/CAFAna/scripts/CMakeFiles/CMakeTmp'
Building CXX object CMakeFiles/cmTC_b691a.dir/feature_tests.cxx.o
/cvmfs/larsoft.opensciencegrid.org/products/gcc/v6_4_0/Linux64bit+3.10-2.17/bin/g++    -std=c++14 -o CMakeFiles/cmTC_b691a.dir/feature_tests.cxx.o -c /exp/dune/app/users/gyang/lblpwgtools/CAFAna/scripts/CMakeFiles/feature_tests.cxx
Linking CXX executable cmTC_b691a
/cvmfs/dune.opensciencegrid.org/products/dune/cmake/v3_12_2/Linux64bit+3.10-2.17/bin/cmake -E cmake_link_script CMakeFiles/cmTC_b691a.dir/link.txt --verbose=1
/cvmfs/larsoft.opensciencegrid.org/products/gcc/v6_4_0/Linux64bit+3.10-2.17/bin/g++       -rdynamic CMakeFiles/cmTC_b691a.dir/feature_tests.cxx.o  -o cmTC_b691a 
gmake[1]: Leaving directory `/exp/dune/app/users/gyang/lblpwgtools/CAFAna/scripts/CMakeFiles/CMakeTmp'


    Feature record: CXX_FEATURE:1cxx_aggregate_default_initializers
    Feature record: CXX_FEATURE:1cxx_alias_templates
    Feature record: CXX_FEATURE:1cxx_alignas
    Feature record: CXX_FEATURE:1cxx_alignof
    Feature record: CXX_FEATURE:1cxx_attributes
    Feature record: CXX_FEATURE:1cxx_attribute_deprecated
    Feature record: CXX_FEATURE:1cxx_auto_type
    Feature record: CXX_FEATURE:1cxx_binary_literals
    Feature record: CXX_FEATURE:1cxx_constexpr
    Feature record: CXX_FEATURE:1cxx_contextual_conversions
    Feature record: CXX_FEATURE:1cxx_decltype
    Feature record: CXX_FEATURE:1cxx_decltype_auto
    Feature record: CXX_FEATURE:1cxx_decltype_incomplete_return_types
    Feature record: CXX_FEATURE:1cxx_default_function_template_args
    Feature record: CXX_FEATURE:1cxx_defaulted_functions
    Feature record: CXX_FEATURE:1cxx_defaulted_move_initializers
    Feature record: CXX_FEATURE:1cxx_delegating_constructors
    Feature record: CXX_FEATURE:1cxx_deleted_functions
    Feature record: CXX_FEATURE:1cxx_digit_separators
    Feature record: CXX_FEATURE:1cxx_enum_forward_declarations
    Feature record: CXX_FEATURE:1cxx_explicit_conversions
    Feature record: CXX_FEATURE:1cxx_extended_friend_declarations
    Feature record: CXX_FEATURE:1cxx_extern_templates
    Feature record: CXX_FEATURE:1cxx_final
    Feature record: CXX_FEATURE:1cxx_func_identifier
    Feature record: CXX_FEATURE:1cxx_generalized_initializers
    Feature record: CXX_FEATURE:1cxx_generic_lambdas
    Feature record: CXX_FEATURE:1cxx_inheriting_constructors
    Feature record: CXX_FEATURE:1cxx_inline_namespaces
    Feature record: CXX_FEATURE:1cxx_lambdas
    Feature record: CXX_FEATURE:1cxx_lambda_init_captures
    Feature record: CXX_FEATURE:1cxx_local_type_template_args
    Feature record: CXX_FEATURE:1cxx_long_long_type
    Feature record: CXX_FEATURE:1cxx_noexcept
    Feature record: CXX_FEATURE:1cxx_nonstatic_member_init
    Feature record: CXX_FEATURE:1cxx_nullptr
    Feature record: CXX_FEATURE:1cxx_override
    Feature record: CXX_FEATURE:1cxx_range_for
    Feature record: CXX_FEATURE:1cxx_raw_string_literals
    Feature record: CXX_FEATURE:1cxx_reference_qualified_functions
    Feature record: CXX_FEATURE:1cxx_relaxed_constexpr
    Feature record: CXX_FEATURE:1cxx_return_type_deduction
    Feature record: CXX_FEATURE:1cxx_right_angle_brackets
    Feature record: CXX_FEATURE:1cxx_rvalue_references
    Feature record: CXX_FEATURE:1cxx_sizeof_member
    Feature record: CXX_FEATURE:1cxx_static_assert
    Feature record: CXX_FEATURE:1cxx_strong_enums
    Feature record: CXX_FEATURE:1cxx_template_template_parameters
    Feature record: CXX_FEATURE:1cxx_thread_local
    Feature record: CXX_FEATURE:1cxx_trailing_return_types
    Feature record: CXX_FEATURE:1cxx_unicode_literals
    Feature record: CXX_FEATURE:1cxx_uniform_initialization
    Feature record: CXX_FEATURE:1cxx_unrestricted_unions
    Feature record: CXX_FEATURE:1cxx_user_literals
    Feature record: CXX_FEATURE:1cxx_variable_templates
    Feature record: CXX_FEATURE:1cxx_variadic_macros
    Feature record: CXX_FEATURE:1cxx_variadic_templates


Detecting CXX [-std=c++11] compiler features compiled with the following output:
Change Dir: /exp/dune/app/users/gyang/lblpwgtools/CAFAna/scripts/CMakeFiles/CMakeTmp

Run Build Command:"/usr/bin/gmake" "cmTC_b877f/fast"
/usr/bin/gmake -f CMakeFiles/cmTC_b877f.dir/build.make CMakeFiles/cmTC_b877f.dir/build
gmake[1]: Entering directory `/exp/dune/app/users/gyang/lblpwgtools/CAFAna/scripts/CMakeFiles/CMakeTmp'
Building CXX object CMakeFiles/cmTC_b877f.dir/feature_tests.cxx.o
/cvmfs/larsoft.opensciencegrid.org/products/gcc/v6_4_0/Linux64bit+3.10-2.17/bin/g++    -std=c++11 -o CMakeFiles/cmTC_b877f.dir/feature_tests.cxx.o -c /exp/dune/app/users/gyang/lblpwgtools/CAFAna/scripts/CMakeFiles/feature_tests.cxx
Linking CXX executable cmTC_b877f
/cvmfs/dune.opensciencegrid.org/products/dune/cmake/v3_12_2/Linux64bit+3.10-2.17/bin/cmake -E cmake_link_script CMakeFiles/cmTC_b877f.dir/link.txt --verbose=1
/cvmfs/larsoft.opensciencegrid.org/products/gcc/v6_4_0/Linux64bit+3.10-2.17/bin/g++       -rdynamic CMakeFiles/cmTC_b877f.dir/feature_tests.cxx.o  -o cmTC_b877f 
gmake[1]: Leaving directory `/exp/dune/app/users/gyang/lblpwgtools/CAFAna/scripts/CMakeFiles/CMakeTmp'


    Feature record: CXX_FEATURE:0cxx_aggregate_default_initializers
    Feature record: CXX_FEATURE:1cxx_alias_templates
    Feature record: CXX_FEATURE:1cxx_alignas
    Feature record: CXX_FEATURE:1cxx_alignof
    Feature record: CXX_FEATURE:1cxx_attributes
    Feature record: CXX_FEATURE:0cxx_attribute_deprecated
    Feature record: CXX_FEATURE:1cxx_auto_type
    Feature record: CXX_FEATURE:0cxx_binary_literals
    Feature record: CXX_FEATURE:1cxx_constexpr
    Feature record: CXX_FEATURE:0cxx_contextual_conversions
    Feature record: CXX_FEATURE:1cxx_decltype
    Feature record: CXX_FEATURE:0cxx_decltype_auto
    Feature record: CXX_FEATURE:1cxx_decltype_incomplete_return_types
    Feature record: CXX_FEATURE:1cxx_default_function_template_args
    Feature record: CXX_FEATURE:1cxx_defaulted_functions
    Feature record: CXX_FEATURE:1cxx_defaulted_move_initializers
    Feature record: CXX_FEATURE:1cxx_delegating_constructors
    Feature record: CXX_FEATURE:1cxx_deleted_functions
    Feature record: CXX_FEATURE:0cxx_digit_separators
    Feature record: CXX_FEATURE:1cxx_enum_forward_declarations
    Feature record: CXX_FEATURE:1cxx_explicit_conversions
    Feature record: CXX_FEATURE:1cxx_extended_friend_declarations
    Feature record: CXX_FEATURE:1cxx_extern_templates
    Feature record: CXX_FEATURE:1cxx_final
    Feature record: CXX_FEATURE:1cxx_func_identifier
    Feature record: CXX_FEATURE:1cxx_generalized_initializers
    Feature record: CXX_FEATURE:0cxx_generic_lambdas
    Feature record: CXX_FEATURE:1cxx_inheriting_constructors
    Feature record: CXX_FEATURE:1cxx_inline_namespaces
    Feature record: CXX_FEATURE:1cxx_lambdas
    Feature record: CXX_FEATURE:0cxx_lambda_init_captures
    Feature record: CXX_FEATURE:1cxx_local_type_template_args
    Feature record: CXX_FEATURE:1cxx_long_long_type
    Feature record: CXX_FEATURE:1cxx_noexcept
    Feature record: CXX_FEATURE:1cxx_nonstatic_member_init
    Feature record: CXX_FEATURE:1cxx_nullptr
    Feature record: CXX_FEATURE:1cxx_override
    Feature record: CXX_FEATURE:1cxx_range_for
    Feature record: CXX_FEATURE:1cxx_raw_string_literals
    Feature record: CXX_FEATURE:1cxx_reference_qualified_functions
    Feature record: CXX_FEATURE:0cxx_relaxed_constexpr
    Feature record: CXX_FEATURE:0cxx_return_type_deduction
    Feature record: CXX_FEATURE:1cxx_right_angle_brackets
    Feature record: CXX_FEATURE:1cxx_rvalue_references
    Feature record: CXX_FEATURE:1cxx_sizeof_member
    Feature record: CXX_FEATURE:1cxx_static_assert
    Feature record: CXX_FEATURE:1cxx_strong_enums
    Feature record: CXX_FEATURE:1cxx_template_template_parameters
    Feature record: CXX_FEATURE:1cxx_thread_local
    Feature record: CXX_FEATURE:1cxx_trailing_return_types
    Feature record: CXX_FEATURE:1cxx_unicode_literals
    Feature record: CXX_FEATURE:1cxx_uniform_initialization
    Feature record: CXX_FEATURE:1cxx_unrestricted_unions
    Feature record: CXX_FEATURE:1cxx_user_literals
    Feature record: CXX_FEATURE:0cxx_variable_templates
    Feature record: CXX_FEATURE:1cxx_variadic_macros
    Feature record: CXX_FEATURE:1cxx_variadic_templates


Detecting CXX [-std=c++98] compiler features compiled with the following output:
Change Dir: /exp/dune/app/users/gyang/lblpwgtools/CAFAna/scripts/CMakeFiles/CMakeTmp

Run Build Command:"/usr/bin/gmake" "cmTC_0ee7d/fast"
/usr/bin/gmake -f CMakeFiles/cmTC_0ee7d.dir/build.make CMakeFiles/cmTC_0ee7d.dir/build
gmake[1]: Entering directory `/exp/dune/app/users/gyang/lblpwgtools/CAFAna/scripts/CMakeFiles/CMakeTmp'
Building CXX object CMakeFiles/cmTC_0ee7d.dir/feature_tests.cxx.o
/cvmfs/larsoft.opensciencegrid.org/products/gcc/v6_4_0/Linux64bit+3.10-2.17/bin/g++    -std=c++98 -o CMakeFiles/cmTC_0ee7d.dir/feature_tests.cxx.o -c /exp/dune/app/users/gyang/lblpwgtools/CAFAna/scripts/CMakeFiles/feature_tests.cxx
Linking CXX executable cmTC_0ee7d
/cvmfs/dune.opensciencegrid.org/products/dune/cmake/v3_12_2/Linux64bit+3.10-2.17/bin/cmake -E cmake_link_script CMakeFiles/cmTC_0ee7d.dir/link.txt --verbose=1
/cvmfs/larsoft.opensciencegrid.org/products/gcc/v6_4_0/Linux64bit+3.10-2.17/bin/g++       -rdynamic CMakeFiles/cmTC_0ee7d.dir/feature_tests.cxx.o  -o cmTC_0ee7d 
gmake[1]: Leaving directory `/exp/dune/app/users/gyang/lblpwgtools/CAFAna/scripts/CMakeFiles/CMakeTmp'


    Feature record: CXX_FEATURE:0cxx_aggregate_default_initializers
    Feature record: CXX_FEATURE:0cxx_alias_templates
    Feature record: CXX_FEATURE:0cxx_alignas
    Feature record: CXX_FEATURE:0cxx_alignof
    Feature record: CXX_FEATURE:0cxx_attributes
    Feature record: CXX_FEATURE:0cxx_attribute_deprecated
    Feature record: CXX_FEATURE:0cxx_auto_type
    Feature record: CXX_FEATURE:0cxx_binary_literals
    Feature record: CXX_FEATURE:0cxx_constexpr
    Feature record: CXX_FEATURE:0cxx_contextual_conversions
    Feature record: CXX_FEATURE:0cxx_decltype
    Feature record: CXX_FEATURE:0cxx_decltype_auto
    Feature record: CXX_FEATURE:0cxx_decltype_incomplete_return_types
    Feature record: CXX_FEATURE:0cxx_default_function_template_args
    Feature record: CXX_FEATURE:0cxx_defaulted_functions
    Feature record: CXX_FEATURE:0cxx_defaulted_move_initializers
    Feature record: CXX_FEATURE:0cxx_delegating_constructors
    Feature record: CXX_FEATURE:0cxx_deleted_functions
    Feature record: CXX_FEATURE:0cxx_digit_separators
    Feature record: CXX_FEATURE:0cxx_enum_forward_declarations
    Feature record: CXX_FEATURE:0cxx_explicit_conversions
    Feature record: CXX_FEATURE:0cxx_extended_friend_declarations
    Feature record: CXX_FEATURE:0cxx_extern_templates
    Feature record: CXX_FEATURE:0cxx_final
    Feature record: CXX_FEATURE:0cxx_func_identifier
    Feature record: CXX_FEATURE:0cxx_generalized_initializers
    Feature record: CXX_FEATURE:0cxx_generic_lambdas
    Feature record: CXX_FEATURE:0cxx_inheriting_constructors
    Feature record: CXX_FEATURE:0cxx_inline_namespaces
    Feature record: CXX_FEATURE:0cxx_lambdas
    Feature record: CXX_FEATURE:0cxx_lambda_init_captures
    Feature record: CXX_FEATURE:0cxx_local_type_template_args
    Feature record: CXX_FEATURE:0cxx_long_long_type
    Feature record: CXX_FEATURE:0cxx_noexcept
    Feature record: CXX_FEATURE:0cxx_nonstatic_member_init
    Feature record: CXX_FEATURE:0cxx_nullptr
    Feature record: CXX_FEATURE:0cxx_override
    Feature record: CXX_FEATURE:0cxx_range_for
    Feature record: CXX_FEATURE:0cxx_raw_string_literals
    Feature record: CXX_FEATURE:0cxx_reference_qualified_functions
    Feature record: CXX_FEATURE:0cxx_relaxed_constexpr
    Feature record: CXX_FEATURE:0cxx_return_type_deduction
    Feature record: CXX_FEATURE:0cxx_right_angle_brackets
    Feature record: CXX_FEATURE:0cxx_rvalue_references
    Feature record: CXX_FEATURE:0cxx_sizeof_member
    Feature record: CXX_FEATURE:0cxx_static_assert
    Feature record: CXX_FEATURE:0cxx_strong_enums
    Feature record: CXX_FEATURE:1cxx_template_template_parameters
    Feature record: CXX_FEATURE:0cxx_thread_local
    Feature record: CXX_FEATURE:0cxx_trailing_return_types
    Feature record: CXX_FEATURE:0cxx_unicode_literals
    Feature record: CXX_FEATURE:0cxx_uniform_initialization
    Feature record: CXX_FEATURE:0cxx_unrestricted_unions
    Feature record: CXX_FEATURE:0cxx_user_literals
    Feature record: CXX_FEATURE:0cxx_variable_templates
    Feature record: CXX_FEATURE:0cxx_variadic_macros
    Feature record: CXX_FEATURE:0cxx_variadic_templates
